[0912/213742.989:ERROR:process_memory_win.cc(73)] ReadMemory at 0x1f292d43750 of 72 bytes failed: Only part of a ReadProcessMemory or WriteProcessMemory request was completed. (0x12B)
[0912/213743.479:WARNING:pe_image_annotations_reader.cc(134)] could not read annotations list object in C:\Program Files (x86)\Google\Chrome\Application\76.0.3809.132\chrome_elf.dll
[0912/213743.483:ERROR:process_memory_win.cc(73)] ReadMemory at 0x7ffb67320000 of 64 bytes failed: Only part of a ReadProcessMemory or WriteProcessMemory request was completed. (0x12B)
[0912/213743.483:WARNING:pe_image_reader.cc(340)] could not read dos header from C:\WINDOWS\SYSTEM32\VERSION.dll
[0912/213743.483:ERROR:process_memory_win.cc(73)] ReadMemory at 0x7ffb6eb70000 of 64 bytes failed: Only part of a ReadProcessMemory or WriteProcessMemory request was completed. (0x12B)
[0912/213743.719:WARNING:pe_image_reader.cc(340)] could not read dos header from C:\WINDOWS\System32\msvcrt.dll
[0912/213743.719:ERROR:process_memory_win.cc(73)] ReadMemory at 0x7ffb6bd50000 of 64 bytes failed: Only part of a ReadProcessMemory or WriteProcessMemory request was completed. (0x12B)
[0912/213743.719:WARNING:pe_image_reader.cc(340)] could not read dos header from C:\WINDOWS\System32\bcryptPrimitives.dll
[0912/213743.719:ERROR:process_memory_win.cc(73)] ReadMemory at 0x7ffb6ed90000 of 64 bytes failed: Only part of a ReadProcessMemory or WriteProcessMemory request was completed. (0x12B)
[0912/213743.719:WARNING:pe_image_reader.cc(340)] could not read dos header from C:\WINDOWS\System32\ADVAPI32.dll
[0912/213743.719:ERROR:process_memory_win.cc(73)] ReadMemory at 0x7ffb6ed30000 of 64 bytes failed: Only part of a ReadProcessMemory or WriteProcessMemory request was completed. (0x12B)
[0912/213743.719:WARNING:pe_image_reader.cc(340)] could not read dos header from C:\WINDOWS\System32\sechost.dll
[0912/213743.719:ERROR:process_memory_win.cc(73)] ReadMemory at 0x7ffb6e060000 of 64 bytes failed: Only part of a ReadProcessMemory or WriteProcessMemory request was completed. (0x12B)
[0912/213743.719:WARNING:pe_image_reader.cc(340)] could not read dos header from C:\WINDOWS\System32\RPCRT4.dll
[0912/213743.719:ERROR:process_memory_win.cc(73)] ReadMemory at 0x7ffb0d650000 of 64 bytes failed: Only part of a ReadProcessMemory or WriteProcessMemory request was completed. (0x12B)
[0912/213743.719:WARNING:pe_image_reader.cc(340)] could not read dos header from C:\Program Files (x86)\Google\Chrome\Application\76.0.3809.132\chrome_child.dll
[0912/213743.719:ERROR:process_memory_win.cc(73)] ReadMemory at 0x7ffb6df90000 of 64 bytes failed: Only part of a ReadProcessMemory or WriteProcessMemory request was completed. (0x12B)
[0912/213743.719:WARNING:pe_image_reader.cc(340)] could not read dos header from C:\WINDOWS\System32\OLEAUT32.dll
[0912/213743.719:ERROR:process_memory_win.cc(73)] ReadMemory at 0x7ffb6b5a0000 of 64 bytes failed: Only part of a ReadProcessMemory or WriteProcessMemory request was completed. (0x12B)
[0912/213743.719:WARNING:pe_image_reader.cc(340)] could not read dos header from C:\WINDOWS\System32\msvcp_win.dll
[0912/213743.719:ERROR:process_memory_win.cc(73)] ReadMemory at 0x7ffb6b4a0000 of 64 bytes failed: Only part of a ReadProcessMemory or WriteProcessMemory request was completed. (0x12B)
[0912/213743.719:WARNING:pe_image_reader.cc(340)] could not read dos header from C:\WINDOWS\System32\ucrtbase.dll
[0912/213743.719:ERROR:process_memory_win.cc(73)] ReadMemory at 0x7ffb6dad0000 of 64 bytes failed: Only part of a ReadProcessMemory or WriteProcessMemory request was completed. (0x12B)
[0912/213743.719:WARNING:pe_image_reader.cc(340)] could not read dos header from C:\WINDOWS\System32\combase.dll
[0912/213743.719:ERROR:process_memory_win.cc(73)] ReadMemory at 0x7ffb6ecc0000 of 64 bytes failed: Only part of a ReadProcessMemory or WriteProcessMemory request was completed. (0x12B)
[0912/213743.719:WARNING:pe_image_reader.cc(340)] could not read dos header from C:\WINDOWS\System32\WS2_32.dll
[0912/213743.719:ERROR:process_memory_win.cc(73)] ReadMemory at 0x7ffb6f030000 of 64 bytes failed: Only part of a ReadProcessMemory or WriteProcessMemory request was completed. (0x12B)
[0912/213743.719:WARNING:pe_image_reader.cc(340)] could not read dos header from C:\WINDOWS\System32\GDI32.dll
[0912/213743.719:ERROR:process_memory_win.cc(73)] ReadMemory at 0x7ffb6c1b0000 of 64 bytes failed: Only part of a ReadProcessMemory or WriteProcessMemory request was completed. (0x12B)
[0912/213743.719:WARNING:pe_image_reader.cc(340)] could not read dos header from C:\WINDOWS\System32\gdi32full.dll
[0912/213743.719:ERROR:process_memory_win.cc(73)] ReadMemory at 0x7ffb6de00000 of 64 bytes failed: Only part of a ReadProcessMemory or WriteProcessMemory request was completed. (0x12B)
[0912/213743.719:WARNING:pe_image_reader.cc(340)] could not read dos header from C:\WINDOWS\System32\USER32.dll
[0912/213743.723:ERROR:process_memory_win.cc(73)] ReadMemory at 0x7ffb6b480000 of 64 bytes failed: Only part of a ReadProcessMemory or WriteProcessMemory request was completed. (0x12B)
[0912/213743.723:WARNING:pe_image_reader.cc(340)] could not read dos header from C:\WINDOWS\System32\win32u.dll
[0912/213743.723:ERROR:process_memory_win.cc(73)] ReadMemory at 0x7ffb6c0a0000 of 64 bytes failed: Only part of a ReadProcessMemory or WriteProcessMemory request was completed. (0x12B)
[0912/213743.723:WARNING:pe_image_reader.cc(340)] could not read dos header from C:\WINDOWS\System32\WINTRUST.dll
[0912/213743.724:ERROR:process_memory_win.cc(73)] ReadMemory at 0x7ffb6b410000 of 64 bytes failed: Only part of a ReadProcessMemory or WriteProcessMemory request was completed. (0x12B)
[0912/213743.724:WARNING:pe_image_reader.cc(340)] could not read dos header from C:\WINDOWS\System32\MSASN1.dll
[0912/213743.724:ERROR:process_memory_win.cc(73)] ReadMemory at 0x7ffb6c350000 of 64 bytes failed: Only part of a ReadProcessMemory or WriteProcessMemory request was completed. (0x12B)
[0912/213743.724:WARNING:pe_image_reader.cc(340)] could not read dos header from C:\WINDOWS\System32\CRYPT32.dll
[0912/213743.724:ERROR:process_memory_win.cc(73)] ReadMemory at 0x7ffb6a930000 of 64 bytes failed: Only part of a ReadProcessMemory or WriteProcessMemory request was completed. (0x12B)
[0912/213743.725:WARNING:pe_image_reader.cc(340)] could not read dos header from C:\WINDOWS\SYSTEM32\IPHLPAPI.DLL
[0912/213743.725:ERROR:process_memory_win.cc(73)] ReadMemory at 0x7ffb5bbf0000 of 64 bytes failed: Only part of a ReadProcessMemory or WriteProcessMemory request was completed. (0x12B)
[0912/213743.725:WARNING:pe_image_reader.cc(340)] could not read dos header from C:\WINDOWS\SYSTEM32\WINMM.dll
[0912/213743.725:ERROR:process_memory_win.cc(73)] ReadMemory at 0x7ffb6b2c0000 of 64 bytes failed: Only part of a ReadProcessMemory or WriteProcessMemory request was completed. (0x12B)
[0912/213743.725:WARNING:pe_image_reader.cc(340)] could not read dos header from C:\WINDOWS\SYSTEM32\USERENV.dll
[0912/213743.725:ERROR:process_memory_win.cc(73)] ReadMemory at 0x7ffb6b430000 of 64 bytes failed: Only part of a ReadProcessMemory or WriteProcessMemory request was completed. (0x12B)
[0912/213743.725:WARNING:pe_image_reader.cc(340)] could not read dos header from C:\WINDOWS\System32\profapi.dll
[0912/213743.725:ERROR:process_memory_win.cc(73)] ReadMemory at 0x7ffb56ec0000 of 64 bytes failed: Only part of a ReadProcessMemory or WriteProcessMemory request was completed. (0x12B)
[0912/213743.725:WARNING:pe_image_reader.cc(340)] could not read dos header from C:\WINDOWS\SYSTEM32\DWrite.dll
[0912/213743.725:ERROR:process_memory_win.cc(73)] ReadMemory at 0x7ffb65e90000 of 64 bytes failed: Only part of a ReadProcessMemory or WriteProcessMemory request was completed. (0x12B)
[0912/213743.725:WARNING:pe_image_reader.cc(340)] could not read dos header from C:\WINDOWS\SYSTEM32\WINSPOOL.DRV
[0912/213743.725:ERROR:process_memory_win.cc(73)] ReadMemory at 0x7ffb6b450000 of 64 bytes failed: Only part of a ReadProcessMemory or WriteProcessMemory request was completed. (0x12B)
[0912/213743.725:WARNING:pe_image_reader.cc(340)] could not read dos header from C:\WINDOWS\System32\kernel.appcore.dll
[0912/213743.725:ERROR:process_memory_win.cc(73)] ReadMemory at 0x7ffb69e80000 of 64 bytes failed: Only part of a ReadProcessMemory or WriteProcessMemory request was completed. (0x12B)
[0912/213743.804:WARNING:pe_image_reader.cc(340)] could not read dos header from C:\WINDOWS\SYSTEM32\dbghelp.dll
[0912/213743.808:ERROR:process_memory_win.cc(73)] ReadMemory at 0x7ffb66260000 of 64 bytes failed: Only part of a ReadProcessMemory or WriteProcessMemory request was completed. (0x12B)
[0912/213743.808:WARNING:pe_image_reader.cc(340)] could not read dos header from C:\WINDOWS\SYSTEM32\WINHTTP.dll
[0912/213743.809:ERROR:process_memory_win.cc(73)] ReadMemory at 0x7ffb65f20000 of 64 bytes failed: Only part of a ReadProcessMemory or WriteProcessMemory request was completed. (0x12B)
[0912/213743.809:WARNING:pe_image_reader.cc(340)] could not read dos header from C:\WINDOWS\SYSTEM32\Secur32.dll
[0912/213743.809:ERROR:process_memory_win.cc(73)] ReadMemory at 0x7ffb658d0000 of 64 bytes failed: Only part of a ReadProcessMemory or WriteProcessMemory request was completed. (0x12B)
[0912/213743.809:WARNING:pe_image_reader.cc(340)] could not read dos header from C:\WINDOWS\SYSTEM32\dhcpcsvc.DLL
[0912/213743.809:ERROR:process_memory_win.cc(73)] ReadMemory at 0x7ffb6efc0000 of 64 bytes failed: Only part of a ReadProcessMemory or WriteProcessMemory request was completed. (0x12B)
[0912/213743.809:WARNING:pe_image_reader.cc(340)] could not read dos header from C:\WINDOWS\System32\NSI.dll
[0912/213743.809:ERROR:process_memory_win.cc(73)] ReadMemory at 0x7ffb5b9e0000 of 64 bytes failed: Only part of a ReadProcessMemory or WriteProcessMemory request was completed. (0x12B)
[0912/213743.809:WARNING:pe_image_reader.cc(340)] could not read dos header from C:\WINDOWS\SYSTEM32\WINMMBASE.dll
[0912/213743.810:ERROR:process_memory_win.cc(73)] ReadMemory at 0x7ffb6c050000 of 64 bytes failed: Only part of a ReadProcessMemory or WriteProcessMemory request was completed. (0x12B)
[0912/213743.810:WARNING:pe_image_reader.cc(340)] could not read dos header from C:\WINDOWS\System32\cfgmgr32.dll
[0912/213743.810:ERROR:process_memory_win.cc(73)] ReadMemory at 0x7ffb679b0000 of 64 bytes failed: Only part of a ReadProcessMemory or WriteProcessMemory request was completed. (0x12B)
[0912/213743.810:WARNING:pe_image_reader.cc(340)] could not read dos header from C:\WINDOWS\SYSTEM32\PROPSYS.dll
[0912/213743.810:ERROR:process_memory_win.cc(73)] ReadMemory at 0x7ffb6ec10000 of 64 bytes failed: Only part of a ReadProcessMemory or WriteProcessMemory request was completed. (0x12B)
[0912/213743.810:WARNING:pe_image_reader.cc(340)] could not read dos header from C:\WINDOWS\System32\shcore.dll
[0912/213743.810:ERROR:process_memory_win.cc(73)] ReadMemory at 0x7ffb6aec0000 of 64 bytes failed: Only part of a ReadProcessMemory or WriteProcessMemory request was completed. (0x12B)
[0912/213743.810:WARNING:pe_image_reader.cc(340)] could not read dos header from C:\WINDOWS\SYSTEM32\bcrypt.dll
[0912/213743.810:ERROR:process_memory_win.cc(73)] ReadMemory at 0x7ffb6b2f0000 of 64 bytes failed: Only part of a ReadProcessMemory or WriteProcessMemory request was completed. (0x12B)
[0912/213743.810:WARNING:pe_image_reader.cc(340)] could not read dos header from C:\WINDOWS\SYSTEM32\SSPICLI.DLL
[0912/213743.810:ERROR:process_memory_win.cc(73)] ReadMemory at 0x1f292b20000 of 64 bytes failed: Only part of a ReadProcessMemory or WriteProcessMemory request was completed. (0x12B)
[0912/213743.810:WARNING:pe_image_reader.cc(340)] could not read dos header from C:\WINDOWS\System32\IMM32.DLL
[0912/213743.810:ERROR:process_memory_win.cc(73)] ReadMemory at 0x7ffb6adb0000 of 64 bytes failed: Only part of a ReadProcessMemory or WriteProcessMemory request was completed. (0x12B)
[0912/213743.810:WARNING:pe_image_reader.cc(340)] could not read dos header from C:\WINDOWS\SYSTEM32\CRYPTBASE.DLL
[0912/213743.810:ERROR:process_memory_win.cc(73)] ReadMemory at 0x7ff666b30000 of 64 bytes failed: Only part of a ReadProcessMemory or WriteProcessMemory request was completed. (0x12B)
[0912/213743.810:WARNING:pe_image_reader.cc(340)] could not read dos header from C:\Program Files (x86)\Google\Chrome\Application\chrome.exe
[0912/213743.810:ERROR:process_memory_win.cc(73)] ReadMemory at 0x7ffb6f0c0000 of 64 bytes failed: Only part of a ReadProcessMemory or WriteProcessMemory request was completed. (0x12B)
[0912/213743.810:WARNING:pe_image_reader.cc(340)] could not read dos header from C:\WINDOWS\SYSTEM32\ntdll.dll
[0912/213743.810:ERROR:process_memory_win.cc(73)] ReadMemory at 0x7ffb6e190000 of 64 bytes failed: Only part of a ReadProcessMemory or WriteProcessMemory request was completed. (0x12B)
[0912/213743.810:WARNING:pe_image_reader.cc(340)] could not read dos header from C:\WINDOWS\System32\KERNEL32.DLL
[0912/213743.810:ERROR:process_memory_win.cc(73)] ReadMemory at 0x7ffb6bdd0000 of 64 bytes failed: Only part of a ReadProcessMemory or WriteProcessMemory request was completed. (0x12B)
[0912/213743.810:WARNING:pe_image_reader.cc(340)] could not read dos header from C:\WINDOWS\System32\KERNELBASE.dll
[0912/213743.810:ERROR:process_memory_win.cc(73)] ReadMemory at 0x7ffb33e40000 of 64 bytes failed: Only part of a ReadProcessMemory or WriteProcessMemory request was completed. (0x12B)
[0912/213743.810:WARNING:pe_image_reader.cc(340)] could not read dos header from C:\Program Files (x86)\Google\Chrome\Application\76.0.3809.132\chrome_elf.dll
[0912/213743.810:ERROR:process_memory_win.cc(73)] ReadMemory at 0x7ffb67320000 of 64 bytes failed: Only part of a ReadProcessMemory or WriteProcessMemory request was completed. (0x12B)
[0912/213743.810:WARNING:pe_image_reader.cc(340)] could not read dos header from C:\WINDOWS\SYSTEM32\VERSION.dll
[0912/213743.810:ERROR:process_memory_win.cc(73)] ReadMemory at 0x7ffb6eb70000 of 64 bytes failed: Only part of a ReadProcessMemory or WriteProcessMemory request was completed. (0x12B)
[0912/213743.810:WARNING:pe_image_reader.cc(340)] could not read dos header from C:\WINDOWS\System32\msvcrt.dll
[0912/213743.810:ERROR:process_memory_win.cc(73)] ReadMemory at 0x7ffb6bd50000 of 64 bytes failed: Only part of a ReadProcessMemory or WriteProcessMemory request was completed. (0x12B)
[0912/213743.810:WARNING:pe_image_reader.cc(340)] could not read dos header from C:\WINDOWS\System32\bcryptPrimitives.dll
[0912/213743.810:ERROR:process_memory_win.cc(73)] ReadMemory at 0x7ffb6ed90000 of 64 bytes failed: Only part of a ReadProcessMemory or WriteProcessMemory request was completed. (0x12B)
[0912/213743.810:WARNING:pe_image_reader.cc(340)] could not read dos header from C:\WINDOWS\System32\ADVAPI32.dll
[0912/213743.814:ERROR:process_memory_win.cc(73)] ReadMemory at 0x7ffb6ed30000 of 64 bytes failed: Only part of a ReadProcessMemory or WriteProcessMemory request was completed. (0x12B)
[0912/213743.814:WARNING:pe_image_reader.cc(340)] could not read dos header from C:\WINDOWS\System32\sechost.dll
[0912/213743.814:ERROR:process_memory_win.cc(73)] ReadMemory at 0x7ffb6e060000 of 64 bytes failed: Only part of a ReadProcessMemory or WriteProcessMemory request was completed. (0x12B)
[0912/213743.814:WARNING:pe_image_reader.cc(340)] could not read dos header from C:\WINDOWS\System32\RPCRT4.dll
[0912/213743.814:ERROR:process_memory_win.cc(73)] ReadMemory at 0x7ffb0d650000 of 64 bytes failed: Only part of a ReadProcessMemory or WriteProcessMemory request was completed. (0x12B)
[0912/213743.814:WARNING:pe_image_reader.cc(340)] could not read dos header from C:\Program Files (x86)\Google\Chrome\Application\76.0.3809.132\chrome_child.dll
[0912/213743.814:ERROR:process_memory_win.cc(73)] ReadMemory at 0x7ffb6df90000 of 64 bytes failed: Only part of a ReadProcessMemory or WriteProcessMemory request was completed. (0x12B)
[0912/213743.814:WARNING:pe_image_reader.cc(340)] could not read dos header from C:\WINDOWS\System32\OLEAUT32.dll
[0912/213743.814:ERROR:process_memory_win.cc(73)] ReadMemory at 0x7ffb6b5a0000 of 64 bytes failed: Only part of a ReadProcessMemory or WriteProcessMemory request was completed. (0x12B)
[0912/213743.814:WARNING:pe_image_reader.cc(340)] could not read dos header from C:\WINDOWS\System32\msvcp_win.dll
[0912/213743.814:ERROR:process_memory_win.cc(73)] ReadMemory at 0x7ffb6b4a0000 of 64 bytes failed: Only part of a ReadProcessMemory or WriteProcessMemory request was completed. (0x12B)
[0912/213743.814:WARNING:pe_image_reader.cc(340)] could not read dos header from C:\WINDOWS\System32\ucrtbase.dll
[0912/213743.814:ERROR:process_memory_win.cc(73)] ReadMemory at 0x7ffb6dad0000 of 64 bytes failed: Only part of a ReadProcessMemory or WriteProcessMemory request was completed. (0x12B)
[0912/213743.814:WARNING:pe_image_reader.cc(340)] could not read dos header from C:\WINDOWS\System32\combase.dll
[0912/213743.814:ERROR:process_memory_win.cc(73)] ReadMemory at 0x7ffb6ecc0000 of 64 bytes failed: Only part of a ReadProcessMemory or WriteProcessMemory request was completed. (0x12B)
[0912/213743.814:WARNING:pe_image_reader.cc(340)] could not read dos header from C:\WINDOWS\System32\WS2_32.dll
[0912/213743.814:ERROR:process_memory_win.cc(73)] ReadMemory at 0x7ffb6f030000 of 64 bytes failed: Only part of a ReadProcessMemory or WriteProcessMemory request was completed. (0x12B)
[0912/213743.814:WARNING:pe_image_reader.cc(340)] could not read dos header from C:\WINDOWS\System32\GDI32.dll
[0912/213743.814:ERROR:process_memory_win.cc(73)] ReadMemory at 0x7ffb6c1b0000 of 64 bytes failed: Only part of a ReadProcessMemory or WriteProcessMemory request was completed. (0x12B)
[0912/213743.814:WARNING:pe_image_reader.cc(340)] could not read dos header from C:\WINDOWS\System32\gdi32full.dll
[0912/213743.814:ERROR:process_memory_win.cc(73)] ReadMemory at 0x7ffb6de00000 of 64 bytes failed: Only part of a ReadProcessMemory or WriteProcessMemory request was completed. (0x12B)
[0912/213743.814:WARNING:pe_image_reader.cc(340)] could not read dos header from C:\WINDOWS\System32\USER32.dll
[0912/213743.814:ERROR:process_memory_win.cc(73)] ReadMemory at 0x7ffb6b480000 of 64 bytes failed: Only part of a ReadProcessMemory or WriteProcessMemory request was completed. (0x12B)
[0912/213743.814:WARNING:pe_image_reader.cc(340)] could not read dos header from C:\WINDOWS\System32\win32u.dll
[0912/213743.814:ERROR:process_memory_win.cc(73)] ReadMemory at 0x7ffb6c0a0000 of 64 bytes failed: Only part of a ReadProcessMemory or WriteProcessMemory request was completed. (0x12B)
[0912/213743.814:WARNING:pe_image_reader.cc(340)] could not read dos header from C:\WINDOWS\System32\WINTRUST.dll
[0912/213743.814:ERROR:process_memory_win.cc(73)] ReadMemory at 0x7ffb6b410000 of 64 bytes failed: Only part of a ReadProcessMemory or WriteProcessMemory request was completed. (0x12B)
[0912/213743.814:WARNING:pe_image_reader.cc(340)] could not read dos header from C:\WINDOWS\System32\MSASN1.dll
[0912/213743.814:ERROR:process_memory_win.cc(73)] ReadMemory at 0x7ffb6c350000 of 64 bytes failed: Only part of a ReadProcessMemory or WriteProcessMemory request was completed. (0x12B)
[0912/213743.814:WARNING:pe_image_reader.cc(340)] could not read dos header from C:\WINDOWS\System32\CRYPT32.dll
[0912/213743.814:ERROR:process_memory_win.cc(73)] ReadMemory at 0x7ffb6a930000 of 64 bytes failed: Only part of a ReadProcessMemory or WriteProcessMemory request was completed. (0x12B)
[0912/213743.818:WARNING:pe_image_reader.cc(340)] could not read dos header from C:\WINDOWS\SYSTEM32\IPHLPAPI.DLL
[0912/213743.818:ERROR:process_memory_win.cc(73)] ReadMemory at 0x7ffb5bbf0000 of 64 bytes failed: Only part of a ReadProcessMemory or WriteProcessMemory request was completed. (0x12B)
[0912/213743.818:WARNING:pe_image_reader.cc(340)] could not read dos header from C:\WINDOWS\SYSTEM32\WINMM.dll
[0912/213743.818:ERROR:process_memory_win.cc(73)] ReadMemory at 0x7ffb6b2c0000 of 64 bytes failed: Only part of a ReadProcessMemory or WriteProcessMemory request was completed. (0x12B)
[0912/213743.818:WARNING:pe_image_reader.cc(340)] could not read dos header from C:\WINDOWS\SYSTEM32\USERENV.dll
[0912/213743.818:ERROR:process_memory_win.cc(73)] ReadMemory at 0x7ffb6b430000 of 64 bytes failed: Only part of a ReadProcessMemory or WriteProcessMemory request was completed. (0x12B)
[0912/213743.818:WARNING:pe_image_reader.cc(340)] could not read dos header from C:\WINDOWS\System32\profapi.dll
[0912/213744.004:ERROR:process_memory_win.cc(73)] ReadMemory at 0x7ffb56ec0000 of 64 bytes failed: Only part of a ReadProcessMemory or WriteProcessMemory request was completed. (0x12B)
[0912/213744.004:WARNING:pe_image_reader.cc(340)] could not read dos header from C:\WINDOWS\SYSTEM32\DWrite.dll
[0912/213744.004:ERROR:process_memory_win.cc(73)] ReadMemory at 0x7ffb65e90000 of 64 bytes failed: Only part of a ReadProcessMemory or WriteProcessMemory request was completed. (0x12B)
[0912/213744.006:WARNING:pe_image_reader.cc(340)] could not read dos header from C:\WINDOWS\SYSTEM32\WINSPOOL.DRV
[0912/213744.006:ERROR:process_memory_win.cc(73)] ReadMemory at 0x7ffb6b450000 of 64 bytes failed: Only part of a ReadProcessMemory or WriteProcessMemory request was completed. (0x12B)
[0912/213744.006:WARNING:pe_image_reader.cc(340)] could not read dos header from C:\WINDOWS\System32\kernel.appcore.dll
[0912/213744.006:ERROR:process_memory_win.cc(73)] ReadMemory at 0x7ffb69e80000 of 64 bytes failed: Only part of a ReadProcessMemory or WriteProcessMemory request was completed. (0x12B)
[0912/213744.006:WARNING:pe_image_reader.cc(340)] could not read dos header from C:\WINDOWS\SYSTEM32\dbghelp.dll
[0912/213744.006:ERROR:process_memory_win.cc(73)] ReadMemory at 0x7ffb66260000 of 64 bytes failed: Only part of a ReadProcessMemory or WriteProcessMemory request was completed. (0x12B)
[0912/213744.006:WARNING:pe_image_reader.cc(340)] could not read dos header from C:\WINDOWS\SYSTEM32\WINHTTP.dll
[0912/213744.006:ERROR:process_memory_win.cc(73)] ReadMemory at 0x7ffb65f20000 of 64 bytes failed: Only part of a ReadProcessMemory or WriteProcessMemory request was completed. (0x12B)
[0912/213744.006:WARNING:pe_image_reader.cc(340)] could not read dos header from C:\WINDOWS\SYSTEM32\Secur32.dll
[0912/213744.007:ERROR:process_memory_win.cc(73)] ReadMemory at 0x7ffb658d0000 of 64 bytes failed: Only part of a ReadProcessMemory or WriteProcessMemory request was completed. (0x12B)
[0912/213744.007:WARNING:pe_image_reader.cc(340)] could not read dos header from C:\WINDOWS\SYSTEM32\dhcpcsvc.DLL
[0912/213744.007:ERROR:process_memory_win.cc(73)] ReadMemory at 0x7ffb6efc0000 of 64 bytes failed: Only part of a ReadProcessMemory or WriteProcessMemory request was completed. (0x12B)
[0912/213744.007:WARNING:pe_image_reader.cc(340)] could not read dos header from C:\WINDOWS\System32\NSI.dll
[0912/213744.008:ERROR:process_memory_win.cc(73)] ReadMemory at 0x7ffb5b9e0000 of 64 bytes failed: Only part of a ReadProcessMemory or WriteProcessMemory request was completed. (0x12B)
[0912/213744.008:WARNING:pe_image_reader.cc(340)] could not read dos header from C:\WINDOWS\SYSTEM32\WINMMBASE.dll
[0912/213744.008:ERROR:process_memory_win.cc(73)] ReadMemory at 0x7ffb6c050000 of 64 bytes failed: Only part of a ReadProcessMemory or WriteProcessMemory request was completed. (0x12B)
[0912/213744.008:WARNING:pe_image_reader.cc(340)] could not read dos header from C:\WINDOWS\System32\cfgmgr32.dll
[0912/213744.008:ERROR:process_memory_win.cc(73)] ReadMemory at 0x7ffb679b0000 of 64 bytes failed: Only part of a ReadProcessMemory or WriteProcessMemory request was completed. (0x12B)
[0912/213744.008:WARNING:pe_image_reader.cc(340)] could not read dos header from C:\WINDOWS\SYSTEM32\PROPSYS.dll
[0912/213744.008:ERROR:process_memory_win.cc(73)] ReadMemory at 0x7ffb6ec10000 of 64 bytes failed: Only part of a ReadProcessMemory or WriteProcessMemory request was completed. (0x12B)
[0912/213744.008:WARNING:pe_image_reader.cc(340)] could not read dos header from C:\WINDOWS\System32\shcore.dll
[0912/213744.008:ERROR:process_memory_win.cc(73)] ReadMemory at 0x7ffb6aec0000 of 64 bytes failed: Only part of a ReadProcessMemory or WriteProcessMemory request was completed. (0x12B)
[0912/213744.008:WARNING:pe_image_reader.cc(340)] could not read dos header from C:\WINDOWS\SYSTEM32\bcrypt.dll
[0912/213744.008:ERROR:process_memory_win.cc(73)] ReadMemory at 0x7ffb6b2f0000 of 64 bytes failed: Only part of a ReadProcessMemory or WriteProcessMemory request was completed. (0x12B)
[0912/213744.008:WARNING:pe_image_reader.cc(340)] could not read dos header from C:\WINDOWS\SYSTEM32\SSPICLI.DLL
[0912/213744.008:ERROR:process_memory_win.cc(73)] ReadMemory at 0x1f292b20000 of 64 bytes failed: Only part of a ReadProcessMemory or WriteProcessMemory request was completed. (0x12B)
[0912/213744.008:WARNING:pe_image_reader.cc(340)] could not read dos header from C:\WINDOWS\System32\IMM32.DLL
[0912/213744.008:ERROR:process_memory_win.cc(73)] ReadMemory at 0x7ffb6adb0000 of 64 bytes failed: Only part of a ReadProcessMemory or WriteProcessMemory request was completed. (0x12B)
[0912/213744.008:WARNING:pe_image_reader.cc(340)] could not read dos header from C:\WINDOWS\SYSTEM32\CRYPTBASE.DLL
[0912/213744.898:ERROR:process_memory_win.cc(73)] ReadMemory at 0x54507f3000 of 53248 bytes failed: Only part of a ReadProcessMemory or WriteProcessMemory request was completed. (0x12B)
[0912/213744.898:ERROR:process_memory_win.cc(73)] ReadMemory at 0x54509ff000 of 4096 bytes failed: Only part of a ReadProcessMemory or WriteProcessMemory request was completed. (0x12B)
[0912/213744.898:ERROR:process_memory_win.cc(73)] ReadMemory at 0x5450bfd000 of 12288 bytes failed: Only part of a ReadProcessMemory or WriteProcessMemory request was completed. (0x12B)
[0912/213744.898:ERROR:process_memory_win.cc(73)] ReadMemory at 0x5450df5000 of 45056 bytes failed: Only part of a ReadProcessMemory or WriteProcessMemory request was completed. (0x12B)
[0912/213744.898:ERROR:process_memory_win.cc(73)] ReadMemory at 0x5450ffd000 of 12288 bytes failed: Only part of a ReadProcessMemory or WriteProcessMemory request was completed. (0x12B)
[0912/213744.898:ERROR:process_memory_win.cc(73)] ReadMemory at 0x54511fc000 of 16384 bytes failed: Only part of a ReadProcessMemory or WriteProcessMemory request was completed. (0x12B)
[0912/213744.898:ERROR:process_memory_win.cc(73)] ReadMemory at 0x54513fe000 of 8192 bytes failed: Only part of a ReadProcessMemory or WriteProcessMemory request was completed. (0x12B)
[0912/213744.898:ERROR:process_memory_win.cc(73)] ReadMemory at 0x54515fd000 of 12288 bytes failed: Only part of a ReadProcessMemory or WriteProcessMemory request was completed. (0x12B)
[0912/213744.898:ERROR:process_memory_win.cc(73)] ReadMemory at 0x54517fb000 of 20480 bytes failed: Only part of a ReadProcessMemory or WriteProcessMemory request was completed. (0x12B)
[0912/213745.046:ERROR:process_memory_win.cc(73)] ReadMemory at 0x5451bfc000 of 16384 bytes failed: Only part of a ReadProcessMemory or WriteProcessMemory request was completed. (0x12B)
[0912/213745.046:ERROR:process_memory_win.cc(73)] ReadMemory at 0x5451dfc000 of 16384 bytes failed: Only part of a ReadProcessMemory or WriteProcessMemory request was completed. (0x12B)
[0912/213745.046:ERROR:process_memory_win.cc(73)] ReadMemory at 0x5451ffd000 of 12288 bytes failed: Only part of a ReadProcessMemory or WriteProcessMemory request was completed. (0x12B)
[0912/213745.050:ERROR:process_memory_win.cc(73)] ReadMemory at 0x54519fc000 of 16384 bytes failed: Only part of a ReadProcessMemory or WriteProcessMemory request was completed. (0x12B)
[0912/213745.050:ERROR:process_memory_win.cc(73)] ReadMemory at 0x54521fc000 of 16384 bytes failed: Only part of a ReadProcessMemory or WriteProcessMemory request was completed. (0x12B)
[0912/213745.050:ERROR:process_memory_win.cc(73)] ReadMemory at 0x54523fe000 of 8192 bytes failed: Only part of a ReadProcessMemory or WriteProcessMemory request was completed. (0x12B)
[0912/213745.050:ERROR:process_memory_win.cc(73)] ReadMemory at 0x5450592000 of 852 bytes failed: Only part of a ReadProcessMemory or WriteProcessMemory request was completed. (0x12B)
[0912/213745.050:ERROR:process_memory_win.cc(73)] ReadMemory at 0x5450593000 of 6024 bytes failed: Only part of a ReadProcessMemory or WriteProcessMemory request was completed. (0x12B)
[0912/213745.050:ERROR:process_memory_win.cc(73)] ReadMemory at 0x5450595000 of 6024 bytes failed: Only part of a ReadProcessMemory or WriteProcessMemory request was completed. (0x12B)
[0912/213745.054:ERROR:process_memory_win.cc(73)] ReadMemory at 0x5450597000 of 6024 bytes failed: Only part of a ReadProcessMemory or WriteProcessMemory request was completed. (0x12B)
[0912/213745.054:ERROR:process_memory_win.cc(73)] ReadMemory at 0x5450599000 of 6024 bytes failed: Only part of a ReadProcessMemory or WriteProcessMemory request was completed. (0x12B)
[0912/213745.054:ERROR:process_memory_win.cc(73)] ReadMemory at 0x545059b000 of 6024 bytes failed: Only part of a ReadProcessMemory or WriteProcessMemory request was completed. (0x12B)
[0912/213745.054:ERROR:process_memory_win.cc(73)] ReadMemory at 0x545059d000 of 6024 bytes failed: Only part of a ReadProcessMemory or WriteProcessMemory request was completed. (0x12B)
[0912/213745.054:ERROR:process_memory_win.cc(73)] ReadMemory at 0x545059f000 of 6024 bytes failed: Only part of a ReadProcessMemory or WriteProcessMemory request was completed. (0x12B)
[0912/213745.054:ERROR:process_memory_win.cc(73)] ReadMemory at 0x54505a1000 of 6024 bytes failed: Only part of a ReadProcessMemory or WriteProcessMemory request was completed. (0x12B)
[0912/213745.054:ERROR:process_memory_win.cc(73)] ReadMemory at 0x54505a3000 of 6024 bytes failed: Only part of a ReadProcessMemory or WriteProcessMemory request was completed. (0x12B)
[0912/213745.054:ERROR:process_memory_win.cc(73)] ReadMemory at 0x54505a7000 of 6024 bytes failed: Only part of a ReadProcessMemory or WriteProcessMemory request was completed. (0x12B)
[0912/213745.058:ERROR:process_memory_win.cc(73)] ReadMemory at 0x54505a9000 of 6024 bytes failed: Only part of a ReadProcessMemory or WriteProcessMemory request was completed. (0x12B)
[0912/213745.059:ERROR:process_memory_win.cc(73)] ReadMemory at 0x54505ab000 of 6024 bytes failed: Only part of a ReadProcessMemory or WriteProcessMemory request was completed. (0x12B)
[0912/213745.059:ERROR:process_memory_win.cc(73)] ReadMemory at 0x54505ad000 of 6024 bytes failed: Only part of a ReadProcessMemory or WriteProcessMemory request was completed. (0x12B)
[0912/213745.060:ERROR:process_memory_win.cc(73)] ReadMemory at 0x54505af000 of 6024 bytes failed: Only part of a ReadProcessMemory or WriteProcessMemory request was completed. (0x12B)
[0912/213745.060:ERROR:process_memory_win.cc(73)] ReadMemory at 0x54505b1000 of 6024 bytes failed: Only part of a ReadProcessMemory or WriteProcessMemory request was completed. (0x12B)
[0912/213745.061:ERROR:process_memory_win.cc(73)] ReadMemory at 0x1f2928fff80 of 512 bytes failed: Only part of a ReadProcessMemory or WriteProcessMemory request was completed. (0x12B)
[0912/213745.061:ERROR:process_memory_win.cc(73)] ReadMemory at 0x1f292900ab0 of 512 bytes failed: Only part of a ReadProcessMemory or WriteProcessMemory request was completed. (0x12B)
[0912/213745.061:ERROR:process_memory_win.cc(73)] ReadMemory at 0x1f292900fc0 of 14682 bytes failed: Only part of a ReadProcessMemory or WriteProcessMemory request was completed. (0x12B)
[0912/213745.061:ERROR:process_memory_win.cc(73)] ReadMemory at 0x1f292904930 of 1012 bytes failed: Only part of a ReadProcessMemory or WriteProcessMemory request was completed. (0x12B)
[0912/213745.061:ERROR:process_memory_win.cc(73)] ReadMemory at 0x1f292904f48 of 118 bytes failed: Only part of a ReadProcessMemory or WriteProcessMemory request was completed. (0x12B)
[0912/213745.061:ERROR:process_memory_win.cc(73)] ReadMemory at 0x1f292904fc0 of 856 bytes failed: Only part of a ReadProcessMemory or WriteProcessMemory request was completed. (0x12B)
[0912/213745.061:ERROR:process_memory_win.cc(73)] ReadMemory at 0x1f29290531a of 118 bytes failed: Only part of a ReadProcessMemory or WriteProcessMemory request was completed. (0x12B)
[0912/213745.061:ERROR:process_memory_win.cc(73)] ReadMemory at 0x1f292905392 of 96 bytes failed: Only part of a ReadProcessMemory or WriteProcessMemory request was completed. (0x12B)
[0912/213745.061:ERROR:process_memory_win.cc(73)] ReadMemory at 0x1f292905400 of 58 bytes failed: Only part of a ReadProcessMemory or WriteProcessMemory request was completed. (0x12B)
[0912/213745.061:ERROR:process_memory_win.cc(73)] ReadMemory at 0x1f292905500 of 132 bytes failed: Only part of a ReadProcessMemory or WriteProcessMemory request was completed. (0x12B)
[0912/213745.061:ERROR:process_memory_win.cc(73)] ReadMemory at 0x1f292905690 of 132 bytes failed: Only part of a ReadProcessMemory or WriteProcessMemory request was completed. (0x12B)
[0912/213745.065:ERROR:process_memory_win.cc(73)] ReadMemory at 0x1f292905850 of 126 bytes failed: Only part of a ReadProcessMemory or WriteProcessMemory request was completed. (0x12B)
[0912/213745.065:ERROR:process_memory_win.cc(73)] ReadMemory at 0x1f292905c30 of 132 bytes failed: Only part of a ReadProcessMemory or WriteProcessMemory request was completed. (0x12B)
[0912/213745.065:ERROR:process_memory_win.cc(73)] ReadMemory at 0x1f292905dc0 of 64 bytes failed: Only part of a ReadProcessMemory or WriteProcessMemory request was completed. (0x12B)
[0912/213745.065:ERROR:process_memory_win.cc(73)] ReadMemory at 0x1f292905e10 of 132 bytes failed: Only part of a ReadProcessMemory or WriteProcessMemory request was completed. (0x12B)
[0912/213745.065:ERROR:process_memory_win.cc(73)] ReadMemory at 0x1f292905f80 of 132 bytes failed: Only part of a ReadProcessMemory or WriteProcessMemory request was completed. (0x12B)
[0912/213745.065:ERROR:process_memory_win.cc(73)] ReadMemory at 0x1f292906210 of 132 bytes failed: Only part of a ReadProcessMemory or WriteProcessMemory request was completed. (0x12B)
[0912/213745.065:ERROR:process_memory_win.cc(73)] ReadMemory at 0x1f2929063a0 of 68 bytes failed: Only part of a ReadProcessMemory or WriteProcessMemory request was completed. (0x12B)
[0912/213745.065:ERROR:process_memory_win.cc(73)] ReadMemory at 0x1f292907270 of 132 bytes failed: Only part of a ReadProcessMemory or WriteProcessMemory request was completed. (0x12B)
[0912/213745.065:ERROR:process_memory_win.cc(73)] ReadMemory at 0x1f292907400 of 154 bytes failed: Only part of a ReadProcessMemory or WriteProcessMemory request was completed. (0x12B)
[0912/213745.065:ERROR:process_memory_win.cc(73)] ReadMemory at 0x1f2929080c0 of 132 bytes failed: Only part of a ReadProcessMemory or WriteProcessMemory request was completed. (0x12B)
[0912/213745.065:ERROR:process_memory_win.cc(73)] ReadMemory at 0x1f292908230 of 62 bytes failed: Only part of a ReadProcessMemory or WriteProcessMemory request was completed. (0x12B)
[0912/213745.069:ERROR:process_memory_win.cc(73)] ReadMemory at 0x1f292908390 of 132 bytes failed: Only part of a ReadProcessMemory or WriteProcessMemory request was completed. (0x12B)
[0912/213745.069:ERROR:process_memory_win.cc(73)] ReadMemory at 0x1f292908520 of 60 bytes failed: Only part of a ReadProcessMemory or WriteProcessMemory request was completed. (0x12B)
[0912/213745.069:ERROR:process_memory_win.cc(73)] ReadMemory at 0x1f292909d60 of 512 bytes failed: Only part of a ReadProcessMemory or WriteProcessMemory request was completed. (0x12B)
[0912/213745.069:ERROR:process_memory_win.cc(73)] ReadMemory at 0x1f29290cb00 of 132 bytes failed: Only part of a ReadProcessMemory or WriteProcessMemory request was completed. (0x12B)
[0912/213745.070:ERROR:process_memory_win.cc(73)] ReadMemory at 0x1f29290cc30 of 132 bytes failed: Only part of a ReadProcessMemory or WriteProcessMemory request was completed. (0x12B)
[0912/213745.070:ERROR:process_memory_win.cc(73)] ReadMemory at 0x1f29290cdc0 of 80 bytes failed: Only part of a ReadProcessMemory or WriteProcessMemory request was completed. (0x12B)
[0912/213745.070:ERROR:process_memory_win.cc(73)] ReadMemory at 0x1f29290ce20 of 158 bytes failed: Only part of a ReadProcessMemory or WriteProcessMemory request was completed. (0x12B)
[0912/213745.070:ERROR:process_memory_win.cc(73)] ReadMemory at 0x1f29290cf60 of 60 bytes failed: Only part of a ReadProcessMemory or WriteProcessMemory request was completed. (0x12B)
[0912/213745.070:ERROR:process_memory_win.cc(73)] ReadMemory at 0x1f29290cfb0 of 66 bytes failed: Only part of a ReadProcessMemory or WriteProcessMemory request was completed. (0x12B)
[0912/213745.070:ERROR:process_memory_win.cc(73)] ReadMemory at 0x1f29290d000 of 58 bytes failed: Only part of a ReadProcessMemory or WriteProcessMemory request was completed. (0x12B)
[0912/213745.070:ERROR:process_memory_win.cc(73)] ReadMemory at 0x1f29290d050 of 64 bytes failed: Only part of a ReadProcessMemory or WriteProcessMemory request was completed. (0x12B)
[0912/213745.070:ERROR:process_memory_win.cc(73)] ReadMemory at 0x1f29290d0a0 of 60 bytes failed: Only part of a ReadProcessMemory or WriteProcessMemory request was completed. (0x12B)
[0912/213745.070:ERROR:process_memory_win.cc(73)] ReadMemory at 0x1f29290d0f0 of 66 bytes failed: Only part of a ReadProcessMemory or WriteProcessMemory request was completed. (0x12B)
[0912/213745.070:ERROR:process_memory_win.cc(73)] ReadMemory at 0x1f29290d140 of 60 bytes failed: Only part of a ReadProcessMemory or WriteProcessMemory request was completed. (0x12B)
[0912/213745.070:ERROR:process_memory_win.cc(73)] ReadMemory at 0x1f29290d190 of 64 bytes failed: Only part of a ReadProcessMemory or WriteProcessMemory request was completed. (0x12B)
[0912/213745.070:ERROR:process_memory_win.cc(73)] ReadMemory at 0x1f29290d1e0 of 62 bytes failed: Only part of a ReadProcessMemory or WriteProcessMemory request was completed. (0x12B)
[0912/213745.070:ERROR:process_memory_win.cc(73)] ReadMemory at 0x1f29290d230 of 64 bytes failed: Only part of a ReadProcessMemory or WriteProcessMemory request was completed. (0x12B)
[0912/213745.075:ERROR:process_memory_win.cc(73)] ReadMemory at 0x1f29290d280 of 64 bytes failed: Only part of a ReadProcessMemory or WriteProcessMemory request was completed. (0x12B)
[0912/213745.075:ERROR:process_memory_win.cc(73)] ReadMemory at 0x1f29290d2d0 of 60 bytes failed: Only part of a ReadProcessMemory or WriteProcessMemory request was completed. (0x12B)
[0912/213745.075:ERROR:process_memory_win.cc(73)] ReadMemory at 0x1f29290d320 of 60 bytes failed: Only part of a ReadProcessMemory or WriteProcessMemory request was completed. (0x12B)
[0912/213745.076:ERROR:process_memory_win.cc(73)] ReadMemory at 0x1f29290d370 of 62 bytes failed: Only part of a ReadProcessMemory or WriteProcessMemory request was completed. (0x12B)
[0912/213745.076:ERROR:process_memory_win.cc(73)] ReadMemory at 0x1f29290d3c0 of 64 bytes failed: Only part of a ReadProcessMemory or WriteProcessMemory request was completed. (0x12B)
[0912/213745.076:ERROR:process_memory_win.cc(73)] ReadMemory at 0x1f29290d410 of 58 bytes failed: Only part of a ReadProcessMemory or WriteProcessMemory request was completed. (0x12B)
[0912/213745.076:ERROR:process_memory_win.cc(73)] ReadMemory at 0x1f29290d460 of 62 bytes failed: Only part of a ReadProcessMemory or WriteProcessMemory request was completed. (0x12B)
[0912/213745.076:ERROR:process_memory_win.cc(73)] ReadMemory at 0x1f29290d4b0 of 60 bytes failed: Only part of a ReadProcessMemory or WriteProcessMemory request was completed. (0x12B)
[0912/213745.076:ERROR:process_memory_win.cc(73)] ReadMemory at 0x1f29290d550 of 62 bytes failed: Only part of a ReadProcessMemory or WriteProcessMemory request was completed. (0x12B)
[0912/213745.076:ERROR:process_memory_win.cc(73)] ReadMemory at 0x1f29290d640 of 62 bytes failed: Only part of a ReadProcessMemory or WriteProcessMemory request was completed. (0x12B)
[0912/213745.076:ERROR:process_memory_win.cc(73)] ReadMemory at 0x1f29290db70 of 132 bytes failed: Only part of a ReadProcessMemory or WriteProcessMemory request was completed. (0x12B)
[0912/213745.076:ERROR:process_memory_win.cc(73)] ReadMemory at 0x1f29290dca0 of 132 bytes failed: Only part of a ReadProcessMemory or WriteProcessMemory request was completed. (0x12B)
[0912/213745.076:ERROR:process_memory_win.cc(73)] ReadMemory at 0x1f29290ddd0 of 132 bytes failed: Only part of a ReadProcessMemory or WriteProcessMemory request was completed. (0x12B)
[0912/213745.076:ERROR:process_memory_win.cc(73)] ReadMemory at 0x1f29290df00 of 132 bytes failed: Only part of a ReadProcessMemory or WriteProcessMemory request was completed. (0x12B)
[0912/213745.076:ERROR:process_memory_win.cc(73)] ReadMemory at 0x1f29290e030 of 132 bytes failed: Only part of a ReadProcessMemory or WriteProcessMemory request was completed. (0x12B)
[0912/213745.076:ERROR:process_memory_win.cc(73)] ReadMemory at 0x1f29290e290 of 132 bytes failed: Only part of a ReadProcessMemory or WriteProcessMemory request was completed. (0x12B)
[0912/213745.080:ERROR:process_memory_win.cc(73)] ReadMemory at 0x1f29290e3c0 of 132 bytes failed: Only part of a ReadProcessMemory or WriteProcessMemory request was completed. (0x12B)
[0912/213745.080:ERROR:process_memory_win.cc(73)] ReadMemory at 0x1f29290e4f0 of 132 bytes failed: Only part of a ReadProcessMemory or WriteProcessMemory request was completed. (0x12B)
[0912/213745.080:ERROR:process_memory_win.cc(73)] ReadMemory at 0x1f29290e620 of 132 bytes failed: Only part of a ReadProcessMemory or WriteProcessMemory request was completed. (0x12B)
[0912/213745.080:ERROR:process_memory_win.cc(73)] ReadMemory at 0x1f29290e750 of 132 bytes failed: Only part of a ReadProcessMemory or WriteProcessMemory request was completed. (0x12B)
[0912/213745.080:ERROR:process_memory_win.cc(73)] ReadMemory at 0x1f29290e880 of 132 bytes failed: Only part of a ReadProcessMemory or WriteProcessMemory request was completed. (0x12B)
[0912/213745.080:ERROR:process_memory_win.cc(73)] ReadMemory at 0x1f29290e9b0 of 132 bytes failed: Only part of a ReadProcessMemory or WriteProcessMemory request was completed. (0x12B)
[0912/213745.080:ERROR:process_memory_win.cc(73)] ReadMemory at 0x1f29290f960 of 76 bytes failed: Only part of a ReadProcessMemory or WriteProcessMemory request was completed. (0x12B)
[0912/213745.080:ERROR:process_memory_win.cc(73)] ReadMemory at 0x1f292911770 of 132 bytes failed: Only part of a ReadProcessMemory or WriteProcessMemory request was completed. (0x12B)
[0912/213745.080:ERROR:process_memory_win.cc(73)] ReadMemory at 0x1f292913c40 of 132 bytes failed: Only part of a ReadProcessMemory or WriteProcessMemory request was completed. (0x12B)
[0912/213745.080:ERROR:process_memory_win.cc(73)] ReadMemory at 0x1f292915420 of 54 bytes failed: Only part of a ReadProcessMemory or WriteProcessMemory request was completed. (0x12B)
[0912/213745.080:ERROR:process_memory_win.cc(73)] ReadMemory at 0x1f292915ee0 of 132 bytes failed: Only part of a ReadProcessMemory or WriteProcessMemory request was completed. (0x12B)
[0912/213745.080:ERROR:process_memory_win.cc(73)] ReadMemory at 0x1f292917280 of 132 bytes failed: Only part of a ReadProcessMemory or WriteProcessMemory request was completed. (0x12B)
[0912/213745.080:ERROR:process_memory_win.cc(73)] ReadMemory at 0x1f2929173b0 of 132 bytes failed: Only part of a ReadProcessMemory or WriteProcessMemory request was completed. (0x12B)
[0912/213745.084:ERROR:process_memory_win.cc(73)] ReadMemory at 0x1f2929174e0 of 132 bytes failed: Only part of a ReadProcessMemory or WriteProcessMemory request was completed. (0x12B)
[0912/213745.084:ERROR:process_memory_win.cc(73)] ReadMemory at 0x1f292919ba0 of 512 bytes failed: Only part of a ReadProcessMemory or WriteProcessMemory request was completed. (0x12B)
[0912/213745.084:ERROR:process_memory_win.cc(73)] ReadMemory at 0x1f29291a270 of 132 bytes failed: Only part of a ReadProcessMemory or WriteProcessMemory request was completed. (0x12B)
[0912/213745.084:ERROR:process_memory_win.cc(73)] ReadMemory at 0x1f29291a3a0 of 132 bytes failed: Only part of a ReadProcessMemory or WriteProcessMemory request was completed. (0x12B)
[0912/213745.084:ERROR:process_memory_win.cc(73)] ReadMemory at 0x1f29291a860 of 132 bytes failed: Only part of a ReadProcessMemory or WriteProcessMemory request was completed. (0x12B)
[0912/213745.084:ERROR:process_memory_win.cc(73)] ReadMemory at 0x1f29291a990 of 132 bytes failed: Only part of a ReadProcessMemory or WriteProcessMemory request was completed. (0x12B)
[0912/213745.084:ERROR:process_memory_win.cc(73)] ReadMemory at 0x1f29291aac0 of 132 bytes failed: Only part of a ReadProcessMemory or WriteProcessMemory request was completed. (0x12B)
[0912/213745.084:ERROR:process_memory_win.cc(73)] ReadMemory at 0x1f29291af80 of 132 bytes failed: Only part of a ReadProcessMemory or WriteProcessMemory request was completed. (0x12B)
[0912/213745.084:ERROR:process_memory_win.cc(73)] ReadMemory at 0x1f29291b310 of 132 bytes failed: Only part of a ReadProcessMemory or WriteProcessMemory request was completed. (0x12B)
[0912/213745.084:ERROR:process_memory_win.cc(73)] ReadMemory at 0x1f29291b440 of 132 bytes failed: Only part of a ReadProcessMemory or WriteProcessMemory request was completed. (0x12B)
[0912/213745.084:ERROR:process_memory_win.cc(73)] ReadMemory at 0x1f29291b570 of 132 bytes failed: Only part of a ReadProcessMemory or WriteProcessMemory request was completed. (0x12B)
[0912/213745.084:ERROR:process_memory_win.cc(73)] ReadMemory at 0x1f29291b6a0 of 132 bytes failed: Only part of a ReadProcessMemory or WriteProcessMemory request was completed. (0x12B)
[0912/213745.084:ERROR:process_memory_win.cc(73)] ReadMemory at 0x1f29291b7d0 of 132 bytes failed: Only part of a ReadProcessMemory or WriteProcessMemory request was completed. (0x12B)
[0912/213745.084:ERROR:process_memory_win.cc(73)] ReadMemory at 0x1f29291b900 of 132 bytes failed: Only part of a ReadProcessMemory or WriteProcessMemory request was completed. (0x12B)
[0912/213745.088:ERROR:process_memory_win.cc(73)] ReadMemory at 0x1f29291bc90 of 132 bytes failed: Only part of a ReadProcessMemory or WriteProcessMemory request was completed. (0x12B)
[0912/213745.088:ERROR:process_memory_win.cc(73)] ReadMemory at 0x1f29291bdc0 of 132 bytes failed: Only part of a ReadProcessMemory or WriteProcessMemory request was completed. (0x12B)
[0912/213745.088:ERROR:process_memory_win.cc(73)] ReadMemory at 0x1f29291c4d0 of 62 bytes failed: Only part of a ReadProcessMemory or WriteProcessMemory request was completed. (0x12B)
[0912/213745.088:ERROR:process_memory_win.cc(73)] ReadMemory at 0x1f29291c570 of 62 bytes failed: Only part of a ReadProcessMemory or WriteProcessMemory request was completed. (0x12B)
[0912/213745.089:ERROR:process_memory_win.cc(73)] ReadMemory at 0x1f29291c5c0 of 62 bytes failed: Only part of a ReadProcessMemory or WriteProcessMemory request was completed. (0x12B)
[0912/213745.089:ERROR:process_memory_win.cc(73)] ReadMemory at 0x1f29291c6b0 of 66 bytes failed: Only part of a ReadProcessMemory or WriteProcessMemory request was completed. (0x12B)
[0912/213745.089:ERROR:process_memory_win.cc(73)] ReadMemory at 0x1f29291c700 of 62 bytes failed: Only part of a ReadProcessMemory or WriteProcessMemory request was completed. (0x12B)
[0912/213745.089:ERROR:process_memory_win.cc(73)] ReadMemory at 0x1f29291cb10 of 58 bytes failed: Only part of a ReadProcessMemory or WriteProcessMemory request was completed. (0x12B)
[0912/213745.089:ERROR:process_memory_win.cc(73)] ReadMemory at 0x1f29291ccf0 of 64 bytes failed: Only part of a ReadProcessMemory or WriteProcessMemory request was completed. (0x12B)
[0912/213745.089:ERROR:process_memory_win.cc(73)] ReadMemory at 0x1f29291cd40 of 64 bytes failed: Only part of a ReadProcessMemory or WriteProcessMemory request was completed. (0x12B)
[0912/213745.089:ERROR:process_memory_win.cc(73)] ReadMemory at 0x1f29291ce30 of 64 bytes failed: Only part of a ReadProcessMemory or WriteProcessMemory request was completed. (0x12B)
[0912/213745.089:ERROR:process_memory_win.cc(73)] ReadMemory at 0x1f29291cfc0 of 62 bytes failed: Only part of a ReadProcessMemory or WriteProcessMemory request was completed. (0x12B)
[0912/213745.089:ERROR:process_memory_win.cc(73)] ReadMemory at 0x1f29291d060 of 60 bytes failed: Only part of a ReadProcessMemory or WriteProcessMemory request was completed. (0x12B)
[0912/213745.089:ERROR:process_memory_win.cc(73)] ReadMemory at 0x1f29291d0b0 of 60 bytes failed: Only part of a ReadProcessMemory or WriteProcessMemory request was completed. (0x12B)
[0912/213745.089:ERROR:process_memory_win.cc(73)] ReadMemory at 0x1f2929328b0 of 512 bytes failed: Only part of a ReadProcessMemory or WriteProcessMemory request was completed. (0x12B)
[0912/213745.089:ERROR:process_memory_win.cc(73)] ReadMemory at 0x1f292933800 of 512 bytes failed: Only part of a ReadProcessMemory or WriteProcessMemory request was completed. (0x12B)
[0912/213745.089:ERROR:process_memory_win.cc(73)] ReadMemory at 0x1f292b64900 of 512 bytes failed: Only part of a ReadProcessMemory or WriteProcessMemory request was completed. (0x12B)
[0912/213745.089:ERROR:process_memory_win.cc(73)] ReadMemory at 0x1f292bbf3e0 of 512 bytes failed: Only part of a ReadProcessMemory or WriteProcessMemory request was completed. (0x12B)
[0912/213745.089:ERROR:process_memory_win.cc(73)] ReadMemory at 0x1f292bbf8c0 of 512 bytes failed: Only part of a ReadProcessMemory or WriteProcessMemory request was completed. (0x12B)
[0912/213745.094:ERROR:process_memory_win.cc(73)] ReadMemory at 0x1f292bc3150 of 512 bytes failed: Only part of a ReadProcessMemory or WriteProcessMemory request was completed. (0x12B)
[0912/213745.094:ERROR:process_memory_win.cc(73)] ReadMemory at 0x1f292bce210 of 512 bytes failed: Only part of a ReadProcessMemory or WriteProcessMemory request was completed. (0x12B)
[0912/213745.094:ERROR:process_memory_win.cc(73)] ReadMemory at 0x1f292bf1620 of 512 bytes failed: Only part of a ReadProcessMemory or WriteProcessMemory request was completed. (0x12B)
[0912/213745.094:ERROR:process_memory_win.cc(73)] ReadMemory at 0x1f292bf2670 of 800 bytes failed: Only part of a ReadProcessMemory or WriteProcessMemory request was completed. (0x12B)
[0912/213745.094:ERROR:process_memory_win.cc(73)] ReadMemory at 0x1f292bf50b8 of 512 bytes failed: Only part of a ReadProcessMemory or WriteProcessMemory request was completed. (0x12B)
[0912/213745.094:ERROR:process_memory_win.cc(73)] ReadMemory at 0x1f292bf5388 of 512 bytes failed: Only part of a ReadProcessMemory or WriteProcessMemory request was completed. (0x12B)
[0912/213745.094:ERROR:process_memory_win.cc(73)] ReadMemory at 0x1f292bf5808 of 512 bytes failed: Only part of a ReadProcessMemory or WriteProcessMemory request was completed. (0x12B)
[0912/213745.094:ERROR:process_memory_win.cc(73)] ReadMemory at 0x1f292c4b5c0 of 512 bytes failed: Only part of a ReadProcessMemory or WriteProcessMemory request was completed. (0x12B)
[0912/213745.094:ERROR:process_memory_win.cc(73)] ReadMemory at 0x1f294bfcdf0 of 512 bytes failed: Only part of a ReadProcessMemory or WriteProcessMemory request was completed. (0x12B)
[0912/213745.094:ERROR:process_memory_win.cc(73)] ReadMemory at 0x1f294c6b0b0 of 512 bytes failed: Only part of a ReadProcessMemory or WriteProcessMemory request was completed. (0x12B)
[0912/213745.094:ERROR:process_memory_win.cc(73)] ReadMemory at 0x1f295227150 of 512 bytes failed: Only part of a ReadProcessMemory or WriteProcessMemory request was completed. (0x12B)
[0912/213745.094:ERROR:process_memory_win.cc(73)] ReadMemory at 0x1f2984820f0 of 512 bytes failed: Only part of a ReadProcessMemory or WriteProcessMemory request was completed. (0x12B)
[0912/213745.098:ERROR:process_memory_win.cc(73)] ReadMemory at 0x1f29849f718 of 512 bytes failed: Only part of a ReadProcessMemory or WriteProcessMemory request was completed. (0x12B)
[0912/213745.098:ERROR:process_memory_win.cc(73)] ReadMemory at 0x1f29a6cf000 of 480 bytes failed: Only part of a ReadProcessMemory or WriteProcessMemory request was completed. (0x12B)
[0912/213745.098:ERROR:process_memory_win.cc(73)] ReadMemory at 0x1f29a6dbea8 of 512 bytes failed: Only part of a ReadProcessMemory or WriteProcessMemory request was completed. (0x12B)
[0912/213745.098:ERROR:process_memory_win.cc(73)] ReadMemory at 0x1f29a794f90 of 512 bytes failed: Only part of a ReadProcessMemory or WriteProcessMemory request was completed. (0x12B)
[0912/213745.098:ERROR:process_memory_win.cc(73)] ReadMemory at 0x1f29a7a4278 of 512 bytes failed: Only part of a ReadProcessMemory or WriteProcessMemory request was completed. (0x12B)
[0912/213745.098:ERROR:process_memory_win.cc(73)] ReadMemory at 0x1f29b2912d0 of 512 bytes failed: Only part of a ReadProcessMemory or WriteProcessMemory request was completed. (0x12B)
[0912/213745.098:ERROR:process_memory_win.cc(73)] ReadMemory at 0x1f29b292e60 of 416 bytes failed: Only part of a ReadProcessMemory or WriteProcessMemory request was completed. (0x12B)
[0912/213745.098:ERROR:process_memory_win.cc(73)] ReadMemory at 0x24870eb6eef0 of 512 bytes failed: Only part of a ReadProcessMemory or WriteProcessMemory request was completed. (0x12B)
[0912/213745.098:ERROR:process_memory_win.cc(73)] ReadMemory at 0x3a786c65efa9 of 512 bytes failed: Only part of a ReadProcessMemory or WriteProcessMemory request was completed. (0x12B)
[0912/213745.098:ERROR:process_memory_win.cc(73)] ReadMemory at 0x7ffb0ebddc31 of 512 bytes failed: Only part of a ReadProcessMemory or WriteProcessMemory request was completed. (0x12B)
[0912/213745.098:ERROR:process_memory_win.cc(73)] ReadMemory at 0x7ffb1190dbf0 of 512 bytes failed: Only part of a ReadProcessMemory or WriteProcessMemory request was completed. (0x12B)
[0912/213745.098:ERROR:process_memory_win.cc(73)] ReadMemory at 0x7ffb11b36882 of 512 bytes failed: Only part of a ReadProcessMemory or WriteProcessMemory request was completed. (0x12B)
[0912/213745.098:ERROR:process_memory_win.cc(73)] ReadMemory at 0x7ffb11dd9330 of 512 bytes failed: Only part of a ReadProcessMemory or WriteProcessMemory request was completed. (0x12B)
[0912/213745.098:ERROR:process_memory_win.cc(73)] ReadMemory at 0x7ffb33e6580a of 512 bytes failed: Only part of a ReadProcessMemory or WriteProcessMemory request was completed. (0x12B)
[0912/213745.102:ERROR:process_memory_win.cc(73)] ReadMemory at 0x7ffb33e66061 of 512 bytes failed: Only part of a ReadProcessMemory or WriteProcessMemory request was completed. (0x12B)
[0912/213745.102:ERROR:process_memory_win.cc(73)] ReadMemory at 0x7ffb6e1b0e00 of 512 bytes failed: Only part of a ReadProcessMemory or WriteProcessMemory request was completed. (0x12B)
[0912/213745.102:ERROR:process_memory_win.cc(73)] ReadMemory at 0x7ffb6e2379e0 of 512 bytes failed: Only part of a ReadProcessMemory or WriteProcessMemory request was completed. (0x12B)
[0912/213745.102:ERROR:process_memory_win.cc(73)] ReadMemory at 0x7ffb6f0e79f0 of 512 bytes failed: Only part of a ReadProcessMemory or WriteProcessMemory request was completed. (0x12B)
[0912/213745.102:ERROR:process_memory_win.cc(73)] ReadMemory at 0x7ffb6f0e82e0 of 512 bytes failed: Only part of a ReadProcessMemory or WriteProcessMemory request was completed. (0x12B)
[0912/213745.102:ERROR:process_memory_win.cc(73)] ReadMemory at 0x7ffb6f0ea0d0 of 512 bytes failed: Only part of a ReadProcessMemory or WriteProcessMemory request was completed. (0x12B)
[0912/213745.102:ERROR:process_memory_win.cc(73)] ReadMemory at 0x7ffb6f15a9a4 of 672 bytes failed: Only part of a ReadProcessMemory or WriteProcessMemory request was completed. (0x12B)
[0912/213745.102:ERROR:process_memory_win.cc(73)] ReadMemory at 0x7ffb6f15e214 of 608 bytes failed: Only part of a ReadProcessMemory or WriteProcessMemory request was completed. (0x12B)
[0912/213745.102:ERROR:process_memory_win.cc(73)] ReadMemory at 0x7ffb6f1d9380 of 512 bytes failed: Only part of a ReadProcessMemory or WriteProcessMemory request was completed. (0x12B)
[0912/213745.102:ERROR:process_memory_win.cc(73)] ReadMemory at 0x7ffb6f1e01e0 of 18 bytes failed: Only part of a ReadProcessMemory or WriteProcessMemory request was completed. (0x12B)
[0912/213745.102:ERROR:process_memory_win.cc(73)] ReadMemory at 0x7ffb6f2165b0 of 40 bytes failed: Only part of a ReadProcessMemory or WriteProcessMemory request was completed. (0x12B)
[0912/213745.102:ERROR:process_memory_win.cc(73)] ReadMemory at 0x7ffb6f216a08 of 48 bytes failed: Only part of a ReadProcessMemory or WriteProcessMemory request was completed. (0x12B)
[0912/213745.105:ERROR:process_memory_win.cc(73)] ReadMemory at 0x7ffb6f21c360 of 64 bytes failed: Only part of a ReadProcessMemory or WriteProcessMemory request was completed. (0x12B)
[0912/213745.255:ERROR:scoped_process_suspend.cc(40)] NtResumeProcess: An attempt was made to access an exiting process. (0xc000010a)
